<?xml version="1.0" encoding="UTF-8"?>
<!-- Generated by org.testng.reporters.JUnitReportReporter -->
<testsuite hostname="DESKTOP-NINQTEC" failures="0" tests="1" name="testlayer.LoginTest" time="6.698" errors="0" timestamp="2021-06-11T10:21:36 EDT" skipped="0">
  <testcase classname="testlayer.LoginTest" name="ClickLinked" time="6.698"/>
  <system-out/>
</testsuite> <!-- testlayer.LoginTest -->
